{"/Users/pyotato/github/projects/solo/flab/tripie/packages/utils/src/debounce.ts": {"path":"/Users/pyotato/github/projects/solo/flab/tripie/packages/utils/src/debounce.ts","statementMap":{"0":{"start":{"line":9,"column":2},"end":{"line":12,"column":null}},"1":{"start":{"line":10,"column":4},"end":{"line":10,"column":null}},"2":{"start":{"line":11,"column":4},"end":{"line":11,"column":null}},"3":{"start":{"line":11,"column":31},"end":{"line":11,"column":46}}},"fnMap":{"0":{"name":"debounce","decl":{"start":{"line":4,"column":24},"end":{"line":4,"column":null}},"loc":{"start":{"line":7,"column":36},"end":{"line":13,"column":null}}},"1":{"name":"(anonymous_1)","decl":{"start":{"line":9,"column":9},"end":{"line":9,"column":13}},"loc":{"start":{"line":9,"column":43},"end":{"line":12,"column":null}}},"2":{"name":"(anonymous_2)","decl":{"start":{"line":11,"column":25},"end":{"line":11,"column":31}},"loc":{"start":{"line":11,"column":31},"end":{"line":11,"column":46}}}},"branchMap":{"0":{"loc":{"start":{"line":6,"column":2},"end":{"line":6,"column":null}},"type":"default-arg","locations":[{"start":{"line":6,"column":20},"end":{"line":6,"column":null}}]}},"s":{"0":3,"1":6,"2":6,"3":3},"f":{"0":3,"1":6,"2":3},"b":{"0":[0]}}
,"/Users/pyotato/github/projects/solo/flab/tripie/packages/utils/src/randomIntBtw.ts": {"path":"/Users/pyotato/github/projects/solo/flab/tripie/packages/utils/src/randomIntBtw.ts","statementMap":{"0":{"start":{"line":2,"column":21},"end":{"line":29,"column":null}},"1":{"start":{"line":4,"column":2},"end":{"line":6,"column":null}},"2":{"start":{"line":5,"column":4},"end":{"line":5,"column":null}},"3":{"start":{"line":9,"column":23},"end":{"line":9,"column":null}},"4":{"start":{"line":10,"column":21},"end":{"line":10,"column":null}},"5":{"start":{"line":13,"column":2},"end":{"line":22,"column":null}},"6":{"start":{"line":14,"column":19},"end":{"line":14,"column":null}},"7":{"start":{"line":15,"column":19},"end":{"line":15,"column":null}},"8":{"start":{"line":16,"column":4},"end":{"line":16,"column":null}},"9":{"start":{"line":18,"column":2},"end":{"line":22,"column":null}},"10":{"start":{"line":19,"column":19},"end":{"line":19,"column":null}},"11":{"start":{"line":20,"column":19},"end":{"line":20,"column":null}},"12":{"start":{"line":21,"column":4},"end":{"line":21,"column":null}},"13":{"start":{"line":24,"column":27},"end":{"line":24,"column":null}},"14":{"start":{"line":25,"column":14},"end":{"line":25,"column":null}},"15":{"start":{"line":25,"column":64},"end":{"line":25,"column":74}},"16":{"start":{"line":27,"column":16},"end":{"line":27,"column":null}},"17":{"start":{"line":28,"column":2},"end":{"line":28,"column":null}}},"fnMap":{"0":{"name":"(anonymous_0)","decl":{"start":{"line":2,"column":21},"end":{"line":2,"column":22}},"loc":{"start":{"line":2,"column":46},"end":{"line":29,"column":null}}},"1":{"name":"(anonymous_1)","decl":{"start":{"line":25,"column":54},"end":{"line":25,"column":55}},"loc":{"start":{"line":25,"column":64},"end":{"line":25,"column":74}}}},"branchMap":{"0":{"loc":{"start":{"line":2,"column":22},"end":{"line":2,"column":33}},"type":"default-arg","locations":[{"start":{"line":2,"column":30},"end":{"line":2,"column":33}}]},"1":{"loc":{"start":{"line":2,"column":33},"end":{"line":2,"column":46}},"type":"default-arg","locations":[{"start":{"line":2,"column":39},"end":{"line":2,"column":46}}]},"2":{"loc":{"start":{"line":4,"column":2},"end":{"line":6,"column":null}},"type":"if","locations":[{"start":{"line":4,"column":2},"end":{"line":6,"column":null}},{"start":{},"end":{}}]},"3":{"loc":{"start":{"line":13,"column":2},"end":{"line":22,"column":null}},"type":"if","locations":[{"start":{"line":13,"column":2},"end":{"line":22,"column":null}},{"start":{"line":18,"column":2},"end":{"line":22,"column":null}}]},"4":{"loc":{"start":{"line":13,"column":6},"end":{"line":13,"column":28}},"type":"binary-expr","locations":[{"start":{"line":13,"column":6},"end":{"line":13,"column":19}},{"start":{"line":13,"column":19},"end":{"line":13,"column":28}}]},"5":{"loc":{"start":{"line":18,"column":2},"end":{"line":22,"column":null}},"type":"if","locations":[{"start":{"line":18,"column":2},"end":{"line":22,"column":null}},{"start":{},"end":{}}]},"6":{"loc":{"start":{"line":18,"column":13},"end":{"line":18,"column":37}},"type":"binary-expr","locations":[{"start":{"line":18,"column":13},"end":{"line":18,"column":27}},{"start":{"line":18,"column":27},"end":{"line":18,"column":37}}]}},"s":{"0":1,"1":9,"2":1,"3":8,"4":8,"5":8,"6":1,"7":1,"8":1,"9":7,"10":4,"11":4,"12":4,"13":3,"14":3,"15":65,"16":3,"17":3},"f":{"0":9,"1":65},"b":{"0":[1],"1":[3],"2":[1,8],"3":[1,7],"4":[8,2],"5":[4,3],"6":[7,6]}}
,"/Users/pyotato/github/projects/solo/flab/tripie/packages/utils/src/yearlyCalendar.ts": {"path":"/Users/pyotato/github/projects/solo/flab/tripie/packages/utils/src/yearlyCalendar.ts","statementMap":{"0":{"start":{"line":4,"column":23},"end":{"line":28,"column":null}},"1":{"start":{"line":5,"column":16},"end":{"line":5,"column":null}},"2":{"start":{"line":6,"column":17},"end":{"line":6,"column":null}},"3":{"start":{"line":7,"column":18},"end":{"line":7,"column":null}},"4":{"start":{"line":8,"column":16},"end":{"line":8,"column":null}},"5":{"start":{"line":9,"column":18},"end":{"line":9,"column":null}},"6":{"start":{"line":10,"column":20},"end":{"line":10,"column":null}},"7":{"start":{"line":11,"column":20},"end":{"line":11,"column":null}},"8":{"start":{"line":12,"column":25},"end":{"line":12,"column":null}},"9":{"start":{"line":14,"column":2},"end":{"line":27,"column":null}},"10":{"start":{"line":15,"column":10},"end":{"line":15,"column":null}},"11":{"start":{"line":16,"column":17},"end":{"line":16,"column":null}},"12":{"start":{"line":19,"column":27},"end":{"line":19,"column":null}},"13":{"start":{"line":20,"column":21},"end":{"line":20,"column":null}},"14":{"start":{"line":22,"column":4},"end":{"line":26,"column":null}}},"fnMap":{"0":{"name":"(anonymous_0)","decl":{"start":{"line":4,"column":23},"end":{"line":4,"column":24}},"loc":{"start":{"line":4,"column":41},"end":{"line":28,"column":null}}},"1":{"name":"(anonymous_1)","decl":{"start":{"line":14,"column":36},"end":{"line":14,"column":37}},"loc":{"start":{"line":14,"column":50},"end":{"line":27,"column":3}}}},"branchMap":{"0":{"loc":{"start":{"line":5,"column":16},"end":{"line":5,"column":null}},"type":"cond-expr","locations":[{"start":{"line":5,"column":22},"end":{"line":5,"column":38}},{"start":{"line":5,"column":38},"end":{"line":5,"column":null}}]}},"s":{"0":1,"1":3,"2":3,"3":3,"4":3,"5":3,"6":3,"7":3,"8":3,"9":3,"10":39,"11":39,"12":39,"13":39,"14":39},"f":{"0":3,"1":39},"b":{"0":[1,2]}}
}
